<?xml version="1.0" encoding="UTF-8" ?>
<testsuite tests="9" failures="1" name="Runner.TestRunner" time="123.335" errors="0" skipped="2">
  <properties>
[...]
</properties>
  <testcase classname="Runner.TestRunner" name="runScenario" time="30.878"/>
  <testcase classname="Runner.TestRunner" name="runScenario" time="0.909"/>
  <testcase classname="Runner.TestRunner" name="runScenario" time="2.837"/>
  <testcase classname="Runner.TestRunner" name="runScenario" time="16.908"/>
  <testcase classname="Runner.TestRunner" name="runScenario" time="20.128"/>
  <testcase classname="Runner.TestRunner" name="runScenario" time="7.399"/>
  <testcase classname="Runner.TestRunner" name="runScenario" time="44.25">
    <failure message="element not interactable
  (Session info: chrome=79.0.3945.130)
Build info: version: &apos;3.141.59&apos;, revision: &apos;e82be7d358&apos;, time: &apos;2018-11-14T08:17:03&apos;
System info: host: &apos;ASDP1757PO02529&apos;, ip: &apos;10.161.235.195&apos;, os.name: &apos;Windows 10&apos;, os.arch: &apos;amd64&apos;, os.version: &apos;10.0&apos;, java.version: &apos;1.8.0_231&apos;
Driver info: org.openqa.selenium.chrome.ChromeDriver
Capabilities {acceptInsecureCerts: false, browserName: chrome, browserVersion: 79.0.3945.130, chrome: {chromedriverVersion: 79.0.3945.36 (3582db32b3389..., userDataDir: C:\WINDOWS\TEMP\scoped_dir7...}, goog:chromeOptions: {debuggerAddress: localhost:53753}, javascriptEnabled: true, networkConnectionEnabled: false, pageLoadStrategy: normal, platform: WINDOWS, platformName: WINDOWS, proxy: Proxy(), setWindowRect: true, strictFileInteractability: false, timeouts: {implicit: 0, pageLoad: 300000, script: 30000}, unhandledPromptBehavior: dismiss and notify}
Session ID: e1b2f22fe61dbecc88ad4ce62d5d663f" type="org.openqa.selenium.ElementNotInteractableException">org.openqa.selenium.ElementNotInteractableException: element not interactable
  (Session info: chrome=79.0.3945.130)
Build info: version: &apos;3.141.59&apos;, revision: &apos;e82be7d358&apos;, time: &apos;2018-11-14T08:17:03&apos;
System info: host: &apos;ASDP1757PO02529&apos;, ip: &apos;10.161.235.195&apos;, os.name: &apos;Windows 10&apos;, os.arch: &apos;amd64&apos;, os.version: &apos;10.0&apos;, java.version: &apos;1.8.0_231&apos;
Driver info: org.openqa.selenium.chrome.ChromeDriver
Capabilities {acceptInsecureCerts: false, browserName: chrome, browserVersion: 79.0.3945.130, chrome: {chromedriverVersion: 79.0.3945.36 (3582db32b3389..., userDataDir: C:\WINDOWS\TEMP\scoped_dir7...}, goog:chromeOptions: {debuggerAddress: localhost:53753}, javascriptEnabled: true, networkConnectionEnabled: false, pageLoadStrategy: normal, platform: WINDOWS, platformName: WINDOWS, proxy: Proxy(), setWindowRect: true, strictFileInteractability: false, timeouts: {implicit: 0, pageLoad: 300000, script: 30000}, unhandledPromptBehavior: dismiss and notify}
Session ID: e1b2f22fe61dbecc88ad4ce62d5d663f
	at sun.reflect.NativeConstructorAccessorImpl.newInstance0(Native Method)
	at sun.reflect.NativeConstructorAccessorImpl.newInstance(NativeConstructorAccessorImpl.java:62)
	at sun.reflect.DelegatingConstructorAccessorImpl.newInstance(DelegatingConstructorAccessorImpl.java:45)
	at java.lang.reflect.Constructor.newInstance(Constructor.java:423)
	at org.openqa.selenium.remote.http.W3CHttpResponseCodec.createException(W3CHttpResponseCodec.java:187)
	at org.openqa.selenium.remote.http.W3CHttpResponseCodec.decode(W3CHttpResponseCodec.java:122)
	at org.openqa.selenium.remote.http.W3CHttpResponseCodec.decode(W3CHttpResponseCodec.java:49)
	at org.openqa.selenium.remote.HttpCommandExecutor.execute(HttpCommandExecutor.java:158)
	at org.openqa.selenium.remote.service.DriverCommandExecutor.execute(DriverCommandExecutor.java:83)
	at org.openqa.selenium.remote.RemoteWebDriver.execute(RemoteWebDriver.java:552)
	at org.openqa.selenium.remote.RemoteWebElement.execute(RemoteWebElement.java:285)
	at org.openqa.selenium.remote.RemoteWebElement.click(RemoteWebElement.java:84)
	at CLHM_PageObjects.AssessmentPage.select_Activity_and_Publish(AssessmentPage.java:19)
	at StepDefination.SmokeStepDefination.user_is_able_to_add_activity_from_Simple_assessment(SmokeStepDefination.java:142)
	at ✽.user is able to add activity from Simple assessment(file:src/test/java/Features/CLHMFeatures.feature:35)
</failure>
  </testcase>
  <testcase classname="Runner.TestRunner" name="runScenario" time="0.025">
    <skipped/>
  </testcase>
  <testcase classname="Runner.TestRunner" name="runScenario" time="0.001">
    <skipped/>
  </testcase>
</testsuite>